13:58:20.264 [JavaFX Application Thread] DEBUG GameApplication      - Logger initialized
13:58:20.284 [JavaFX Application Thread] DEBUG MainWindow           - Creating a JavaFX scene
13:58:20.284 [JavaFX Application Thread] DEBUG MainWindow           - Target size > screen size
13:58:20.416 [JavaFX Application Thread] DEBUG MainWindow           - Target settings size: 1050.0 x 700.0
13:58:20.416 [JavaFX Application Thread] DEBUG MainWindow           - Scaled scene size:    995.0 x 680.0
13:58:20.417 [JavaFX Application Thread] DEBUG MainWindow           - Scaled ratio: (0.9476190476190476, 0.9714285714285714)
13:58:20.575 [JavaFX Application Thread] DEBUG GameApplication      - Starting FXGL
13:58:20.632 [FXGL Launcher Thread     ] INFO  Version              - FXGL-0.4.2
13:58:20.633 [FXGL Launcher Thread     ] INFO  Version              - Source code and latest versions at: https://github.com/AlmasB/FXGL
13:58:20.634 [FXGL Launcher Thread     ] INFO  Version              -              Join the FXGL chat at: https://gitter.im/AlmasB/FXGL
13:58:20.646 [FXGL Launcher Thread     ] DEBUG FXGL                 - Loading default FXGL system data
13:58:20.671 [JavaFX Application Thread] DEBUG UpdaterTask          - Checking for updates
13:58:20.788 [JavaFX Application Thread] DEBUG IOTask               - Showing dialog
13:58:20.789 [FXGL Background Thread 1 ] DEBUG IOTask               - Executing task: openStream(https://raw.githubusercontent.com/AlmasB/FXGL/master/pom.xml)
13:58:20.790 [FXGL Background Thread 1 ] DEBUG IOTask               - Executing task: openStream(https://raw.githubusercontent.com/AlmasB/FXGL/master/pom.xml)
13:58:21.700 [FXGL Background Thread 1 ] DEBUG IOTask               - Executing task: latestVersion
13:58:21.706 [JavaFX Application Thread] DEBUG IOTask               - succeed(): Dismissing dialog
13:58:21.706 [JavaFX Application Thread] DEBUG IOTask               - Task succeeded: openStream(https://raw.githubusercontent.com/AlmasB/FXGL/master/pom.xml)
13:58:21.727 [FXGL Launcher Thread     ] DEBUG GameApplication      - FXGL started
13:58:21.728 [FXGL Launcher Thread     ] DEBUG GameApplication      - Logging game settings
Title: Marios Adventure
Version: 1.0
Width: 1050
Height: 700
Fullscreen: false
Intro: false
Menus: false
Profiling: false
Single step:false
App Mode: DEVELOPER
Menu Key: ESCAPE
Stage Style: DECORATED
Scene Factory: class com.almasb.fxgl.scene.SceneFactory
Dialog Factory: class com.almasb.fxgl.ui.FXGLDialogFactory
UI Factory: class com.almasb.fxgl.ui.FXGLUIFactory
Notification Service: class com.almasb.fxgl.gameplay.notification.XboxNotificationView
Exception Handler: class com.almasb.fxgl.app.FXGLExceptionHandler
13:58:21.729 [FXGL Launcher Thread     ] DEBUG GameApplication      - Configuring GameApplication
13:58:21.729 [FXGL Launcher Thread     ] DEBUG GameApplication      - Initializing state machine and application states
13:58:21.741 [FXGL Launcher Thread     ] DEBUG AssetLoader          - Loading from disk: /assets/ui/cursors/fxgl_default.png
13:58:21.757 [FXGL Launcher Thread     ] DEBUG AssetLoader          - Loading from disk: /assets/ui/cursors/fxgl_default.png
13:58:21.760 [FXGL Launcher Thread     ] DEBUG AssetLoader          - Loading from disk: /assets/ui/cursors/fxgl_default.png
13:58:21.767 [FXGL Launcher Thread     ] DEBUG AssetLoader          - Loading from disk: /assets/sounds/core/notification.wav
13:58:21.792 [FXGL Launcher Thread     ] DEBUG AssetLoader          - Loading from disk: /assets/sounds/menu/select.wav
13:58:21.794 [FXGL Launcher Thread     ] DEBUG AssetLoader          - Loading from disk: /assets/sounds/menu/back.wav
13:58:21.796 [FXGL Launcher Thread     ] DEBUG AssetLoader          - Loading from disk: /assets/sounds/menu/press.wav
13:58:21.799 [FXGL Launcher Thread     ] DEBUG AssetLoader          - Loading from disk: /assets/ui/fonts/VarelaRound-Regular.ttf
13:58:21.826 [FXGL Launcher Thread     ] DEBUG AssetLoader          - Loading from disk: /assets/ui/fonts/lucida_console.ttf
13:58:21.842 [FXGL Launcher Thread     ] DEBUG AssetLoader          - Loading from disk: /assets/ui/css/fxgl_dark.css
13:58:21.843 [FXGL Launcher Thread     ] DEBUG AssetLoader          - Loading from disk: /assets/ui/icons/fxgl_icon.png
13:58:21.866 [FXGL Launcher Thread     ] DEBUG AssetLoader          - Loading from disk: /assets/ui/cursors/fxgl_default.png
13:58:21.888 [FXGL Launcher Thread     ] DEBUG FXGL.GameScene       - Game scene initialized: 1050x700
13:58:21.892 [FXGL Launcher Thread     ] DEBUG FXGL.GameWorld       - Game world initialized
13:58:21.947 [FXGL Launcher Thread     ] DEBUG FXGL.PhysicsWorld    - Physics world initialized: appHeight=700, physics.ppm=50,0
13:58:21.949 [FXGL Launcher Thread     ] DEBUG Input                - Registered new binding: Pause - Esc
13:58:21.962 [FXGL Launcher Thread     ] INFO  GameApplication      - Game configuration took:  0,234 sec
13:58:21.973 [JavaFX Application Thread] DEBUG MainWindow           - Opening main window
13:58:22.018 [JavaFX Application Thread] DEBUG MainWindow           - Window border size: (15.0, 37.33331298828125)
13:58:22.018 [JavaFX Application Thread] DEBUG MainWindow           - Scaled size: 995.0 x 680.0
13:58:22.018 [JavaFX Application Thread] DEBUG MainWindow           - Scaled ratio: (0.9476190476190476, 0.9714285714285714)
13:58:22.019 [JavaFX Application Thread] DEBUG MainWindow           - Scene size: 995.0 x 680.0
13:58:22.019 [JavaFX Application Thread] DEBUG MainWindow           - Stage size: 1010.0 x 717.3333129882812
13:58:22.019 [JavaFX Application Thread] DEBUG GameApplication      - Running preInit()
13:58:22.024 [JavaFX Application Thread] DEBUG AnnotationParser     - Main app package name: com.thom9521.mario
13:58:22.150 [JavaFX Application Thread] DEBUG AnnotationParser     - @SetAchievementStore: []
13:58:22.151 [JavaFX Application Thread] DEBUG Input                - Registered new binding: Screenshot - P
13:58:22.152 [JavaFX Application Thread] DEBUG Input                - Registered new binding: Dev Options - CTRL+0
13:58:22.152 [JavaFX Application Thread] DEBUG Input                - Registered new binding: Restart - CTRL+R
13:58:22.153 [JavaFX Application Thread] DEBUG Input                - Registered new binding: Left - Left
13:58:22.153 [JavaFX Application Thread] DEBUG Input                - Registered new binding: Right - Right
13:58:22.153 [JavaFX Application Thread] DEBUG Input                - Registered new binding: Jump - Up
13:58:22.154 [JavaFX Application Thread] DEBUG Input                - Registered new binding: Ekstra liv - F1
13:58:22.218 [JavaFX Application Thread] DEBUG GameApplication      - Starting main loop
13:58:22.226 [JavaFX Application Thread] DEBUG StartupState         - STARTUP
13:58:22.226 [JavaFX Application Thread] DEBUG GameApplication      - Starting new game
13:58:22.226 [JavaFX Application Thread] DEBUG Input                - Clearing active input actions
13:58:22.263 [JavaFX Application Thread] DEBUG AppStateMachine      - StartupState -> LoadingState
13:58:22.265 [JavaFX Application Thread] DEBUG AnnotationParser     - Main app package name: com.thom9521.mario
13:58:22.265 [JavaFX Application Thread] DEBUG InitAppTask          - Parsing annotations
13:58:22.311 [JavaFX Application Thread] DEBUG AnnotationParser     - @SetEntityFactory: [MarioFactory]
13:58:22.311 [JavaFX Application Thread] DEBUG AnnotationParser     - @AddCollisionHandler: []
13:58:22.311 [JavaFX Application Thread] DEBUG AnnotationParser     - @SetEventHandler: []
13:58:22.315 [FXGL Background Thread 1 ] DEBUG InitAppTask          - Clearing previous game
13:58:22.316 [FXGL Background Thread 1 ] DEBUG FXGL.GameWorld       - Clearing game world
13:58:22.316 [FXGL Background Thread 1 ] DEBUG FXGL.PhysicsWorld    - Clearing physics world
13:58:22.316 [FXGL Background Thread 1 ] DEBUG FXGL.GameScene       - Clearing game scene
13:58:22.317 [FXGL Background Thread 1 ] DEBUG InitAppTask          - Initializing Assets
13:58:22.318 [FXGL Background Thread 1 ] DEBUG InitAppTask          - Initializing Game
13:58:22.348 [FXGL Background Thread 1 ] DEBUG AssetLoader          - Loading from disk: /assets/json/mario.json
13:58:22.638 [FXGL Background Thread 1 ] DEBUG FXGL.GameWorld       - Clearing removable entities
13:58:22.639 [FXGL Background Thread 1 ] DEBUG FXGL.GameWorld       - Setting level from map
13:58:22.669 [FXGL Background Thread 1 ] DEBUG AssetLoader          - Loading from disk: /assets/textures/tiles_spritesheet.png
13:58:22.705 [FXGL Background Thread 1 ] DEBUG AssetLoader          - Loading from cache: /assets/textures/tiles_spritesheet.png
13:58:22.705 [FXGL Background Thread 1 ] DEBUG AssetLoader          - Loading from cache: /assets/textures/tiles_spritesheet.png
13:58:22.705 [FXGL Background Thread 1 ] DEBUG AssetLoader          - Loading from cache: /assets/textures/tiles_spritesheet.png
13:58:22.706 [FXGL Background Thread 1 ] DEBUG AssetLoader          - Loading from cache: /assets/textures/tiles_spritesheet.png
13:58:22.706 [FXGL Background Thread 1 ] DEBUG AssetLoader          - Loading from cache: /assets/textures/tiles_spritesheet.png
13:58:22.706 [FXGL Background Thread 1 ] DEBUG AssetLoader          - Loading from cache: /assets/textures/tiles_spritesheet.png
13:58:22.706 [FXGL Background Thread 1 ] DEBUG AssetLoader          - Loading from cache: /assets/textures/tiles_spritesheet.png
13:58:22.706 [FXGL Background Thread 1 ] DEBUG AssetLoader          - Loading from cache: /assets/textures/tiles_spritesheet.png
13:58:22.707 [FXGL Background Thread 1 ] DEBUG AssetLoader          - Loading from cache: /assets/textures/tiles_spritesheet.png
13:58:22.707 [FXGL Background Thread 1 ] DEBUG AssetLoader          - Loading from cache: /assets/textures/tiles_spritesheet.png
13:58:22.707 [FXGL Background Thread 1 ] DEBUG AssetLoader          - Loading from cache: /assets/textures/tiles_spritesheet.png
13:58:22.707 [FXGL Background Thread 1 ] DEBUG AssetLoader          - Loading from cache: /assets/textures/tiles_spritesheet.png
13:58:22.707 [FXGL Background Thread 1 ] DEBUG AssetLoader          - Loading from cache: /assets/textures/tiles_spritesheet.png
13:58:22.708 [FXGL Background Thread 1 ] DEBUG AssetLoader          - Loading from cache: /assets/textures/tiles_spritesheet.png
13:58:22.708 [FXGL Background Thread 1 ] DEBUG AssetLoader          - Loading from cache: /assets/textures/tiles_spritesheet.png
13:58:22.708 [FXGL Background Thread 1 ] DEBUG AssetLoader          - Loading from cache: /assets/textures/tiles_spritesheet.png
13:58:22.708 [FXGL Background Thread 1 ] DEBUG AssetLoader          - Loading from cache: /assets/textures/tiles_spritesheet.png
13:58:22.709 [FXGL Background Thread 1 ] DEBUG AssetLoader          - Loading from cache: /assets/textures/tiles_spritesheet.png
13:58:22.709 [FXGL Background Thread 1 ] DEBUG AssetLoader          - Loading from cache: /assets/textures/tiles_spritesheet.png
13:58:22.709 [FXGL Background Thread 1 ] DEBUG AssetLoader          - Loading from cache: /assets/textures/tiles_spritesheet.png
13:58:22.709 [FXGL Background Thread 1 ] DEBUG AssetLoader          - Loading from cache: /assets/textures/tiles_spritesheet.png
13:58:22.710 [FXGL Background Thread 1 ] DEBUG AssetLoader          - Loading from cache: /assets/textures/tiles_spritesheet.png
13:58:22.710 [FXGL Background Thread 1 ] DEBUG AssetLoader          - Loading from cache: /assets/textures/tiles_spritesheet.png
13:58:22.710 [FXGL Background Thread 1 ] DEBUG AssetLoader          - Loading from cache: /assets/textures/tiles_spritesheet.png
13:58:22.710 [FXGL Background Thread 1 ] DEBUG AssetLoader          - Loading from cache: /assets/textures/tiles_spritesheet.png
13:58:22.710 [FXGL Background Thread 1 ] DEBUG AssetLoader          - Loading from cache: /assets/textures/tiles_spritesheet.png
13:58:22.711 [FXGL Background Thread 1 ] DEBUG AssetLoader          - Loading from cache: /assets/textures/tiles_spritesheet.png
13:58:22.711 [FXGL Background Thread 1 ] DEBUG AssetLoader          - Loading from cache: /assets/textures/tiles_spritesheet.png
13:58:22.711 [FXGL Background Thread 1 ] DEBUG AssetLoader          - Loading from cache: /assets/textures/tiles_spritesheet.png
13:58:22.711 [FXGL Background Thread 1 ] DEBUG AssetLoader          - Loading from cache: /assets/textures/tiles_spritesheet.png
13:58:22.711 [FXGL Background Thread 1 ] DEBUG AssetLoader          - Loading from cache: /assets/textures/tiles_spritesheet.png
13:58:22.712 [FXGL Background Thread 1 ] DEBUG AssetLoader          - Loading from cache: /assets/textures/tiles_spritesheet.png
13:58:22.712 [FXGL Background Thread 1 ] DEBUG AssetLoader          - Loading from cache: /assets/textures/tiles_spritesheet.png
13:58:22.712 [FXGL Background Thread 1 ] DEBUG AssetLoader          - Loading from cache: /assets/textures/tiles_spritesheet.png
13:58:22.712 [FXGL Background Thread 1 ] DEBUG AssetLoader          - Loading from cache: /assets/textures/tiles_spritesheet.png
13:58:22.712 [FXGL Background Thread 1 ] DEBUG AssetLoader          - Loading from cache: /assets/textures/tiles_spritesheet.png
13:58:22.713 [FXGL Background Thread 1 ] DEBUG AssetLoader          - Loading from cache: /assets/textures/tiles_spritesheet.png
13:58:22.713 [FXGL Background Thread 1 ] DEBUG AssetLoader          - Loading from cache: /assets/textures/tiles_spritesheet.png
13:58:22.713 [FXGL Background Thread 1 ] DEBUG AssetLoader          - Loading from cache: /assets/textures/tiles_spritesheet.png
13:58:22.713 [FXGL Background Thread 1 ] DEBUG AssetLoader          - Loading from cache: /assets/textures/tiles_spritesheet.png
13:58:22.713 [FXGL Background Thread 1 ] DEBUG AssetLoader          - Loading from cache: /assets/textures/tiles_spritesheet.png
13:58:22.714 [FXGL Background Thread 1 ] DEBUG AssetLoader          - Loading from cache: /assets/textures/tiles_spritesheet.png
13:58:22.714 [FXGL Background Thread 1 ] DEBUG AssetLoader          - Loading from cache: /assets/textures/tiles_spritesheet.png
13:58:22.714 [FXGL Background Thread 1 ] DEBUG AssetLoader          - Loading from cache: /assets/textures/tiles_spritesheet.png
13:58:22.714 [FXGL Background Thread 1 ] DEBUG AssetLoader          - Loading from cache: /assets/textures/tiles_spritesheet.png
13:58:22.714 [FXGL Background Thread 1 ] DEBUG AssetLoader          - Loading from cache: /assets/textures/tiles_spritesheet.png
13:58:22.715 [FXGL Background Thread 1 ] DEBUG AssetLoader          - Loading from cache: /assets/textures/tiles_spritesheet.png
13:58:22.715 [FXGL Background Thread 1 ] DEBUG AssetLoader          - Loading from cache: /assets/textures/tiles_spritesheet.png
13:58:22.715 [FXGL Background Thread 1 ] DEBUG AssetLoader          - Loading from cache: /assets/textures/tiles_spritesheet.png
13:58:22.715 [FXGL Background Thread 1 ] DEBUG AssetLoader          - Loading from cache: /assets/textures/tiles_spritesheet.png
13:58:22.715 [FXGL Background Thread 1 ] DEBUG AssetLoader          - Loading from cache: /assets/textures/tiles_spritesheet.png
13:58:22.716 [FXGL Background Thread 1 ] DEBUG AssetLoader          - Loading from cache: /assets/textures/tiles_spritesheet.png
13:58:22.716 [FXGL Background Thread 1 ] DEBUG AssetLoader          - Loading from cache: /assets/textures/tiles_spritesheet.png
13:58:22.716 [FXGL Background Thread 1 ] DEBUG AssetLoader          - Loading from cache: /assets/textures/tiles_spritesheet.png
13:58:22.716 [FXGL Background Thread 1 ] DEBUG AssetLoader          - Loading from cache: /assets/textures/tiles_spritesheet.png
13:58:22.717 [FXGL Background Thread 1 ] DEBUG AssetLoader          - Loading from cache: /assets/textures/tiles_spritesheet.png
13:58:22.717 [FXGL Background Thread 1 ] DEBUG AssetLoader          - Loading from cache: /assets/textures/tiles_spritesheet.png
13:58:22.717 [FXGL Background Thread 1 ] DEBUG AssetLoader          - Loading from cache: /assets/textures/tiles_spritesheet.png
13:58:22.719 [FXGL Background Thread 1 ] DEBUG FXGL.GameScene       - Creating render group for layer: BACKGROUND(1000)
13:58:22.767 [FXGL Background Thread 1 ] DEBUG FXGL.GameScene       - Creating render group for layer: TOP(2147483647)
13:58:22.768 [FXGL Background Thread 1 ] DEBUG AssetLoader          - Loading from disk: /assets/textures/marioCoin.png
13:58:22.770 [FXGL Background Thread 1 ] DEBUG AssetLoader          - Loading from cache: /assets/textures/marioCoin.png
13:58:22.771 [FXGL Background Thread 1 ] DEBUG AssetLoader          - Loading from cache: /assets/textures/marioCoin.png
13:58:22.773 [FXGL Background Thread 1 ] DEBUG AssetLoader          - Loading from cache: /assets/textures/marioCoin.png
13:58:22.774 [FXGL Background Thread 1 ] DEBUG AssetLoader          - Loading from cache: /assets/textures/marioCoin.png
13:58:22.775 [FXGL Background Thread 1 ] DEBUG AssetLoader          - Loading from cache: /assets/textures/marioCoin.png
13:58:22.798 [FXGL Background Thread 1 ] DEBUG AssetLoader          - Loading from disk: /assets/music/themesong.mp3
13:58:22.845 [FXGL Background Thread 1 ] DEBUG AudioPlayer          - Playing music Music [balance=0.0, volume=1.0, rate=1.0, cycleCount=1]
13:58:22.846 [FXGL Background Thread 1 ] DEBUG AssetLoader          - Loading from disk: /assets/textures/forrest.png
13:58:22.932 [FXGL Background Thread 1 ] DEBUG AssetLoader          - Loading from disk: /assets/textures/cat.png
13:58:22.934 [FXGL Background Thread 1 ] DEBUG AssetLoader          - Loading from cache: /assets/textures/cat.png
13:58:22.938 [FXGL Background Thread 1 ] DEBUG AssetLoader          - Loading from disk: /assets/textures/marioEnemy.png
13:58:23.065 [FXGL Background Thread 1 ] DEBUG InitAppTask          - Initializing Physics
13:58:23.066 [FXGL Background Thread 1 ] DEBUG InitAppTask          - Initializing UI
13:58:23.068 [FXGL Background Thread 1 ] DEBUG AssetLoader          - Loading from disk: /assets/textures/marioCoinBig.png
13:58:23.070 [FXGL Background Thread 1 ] DEBUG AssetLoader          - Loading from disk: /assets/textures/heart.png
13:58:23.071 [FXGL Background Thread 1 ] DEBUG InitAppTask          - Initialization Complete
13:58:23.072 [FXGL Background Thread 1 ] INFO  InitAppTask          - Game initialization took: 0,755 sec
13:58:23.074 [JavaFX Application Thread] DEBUG Input                - Clearing active input actions
13:58:23.088 [JavaFX Application Thread] DEBUG AppStateMachine      - LoadingState -> PlayState
13:58:26.391 [JavaFX Application Thread] DEBUG GameApplication      - Exiting game application
13:58:26.392 [JavaFX Application Thread] DEBUG GameApplication      - Shutting down background threads
13:58:26.393 [JavaFX Application Thread] DEBUG GameApplication      - Exiting FXGL
13:58:26.393 [JavaFX Application Thread] DEBUG FXGL                 - Saving FXGL system data
13:58:26.396 [JavaFX Application Thread] DEBUG IOTask               - Executing task: writeDataTask(system/fxgl.bundle)
13:58:26.399 [JavaFX Application Thread] DEBUG FS                   - Writing to: system\fxgl.bundle
13:58:26.418 [JavaFX Application Thread] DEBUG IOTask               - Task succeeded: writeDataTask(system/fxgl.bundle)
13:58:26.419 [JavaFX Application Thread] DEBUG GameApplication      - Closing logger and exiting JavaFX
