14:07:44.231 [JavaFX Application Thread] DEBUG GameApplication      - Logger initialized
14:07:44.262 [JavaFX Application Thread] DEBUG MainWindow           - Creating a JavaFX scene
14:07:44.263 [JavaFX Application Thread] DEBUG MainWindow           - Target size > screen size
14:07:44.520 [JavaFX Application Thread] DEBUG MainWindow           - Target settings size: 1050.0 x 700.0
14:07:44.521 [JavaFX Application Thread] DEBUG MainWindow           - Scaled scene size:    995.0 x 680.0
14:07:44.521 [JavaFX Application Thread] DEBUG MainWindow           - Scaled ratio: (0.9476190476190476, 0.9714285714285714)
14:07:44.746 [JavaFX Application Thread] DEBUG GameApplication      - Starting FXGL
14:07:44.746 [JavaFX Application Thread] INFO  Version              - FXGL-0.4.1
14:07:44.746 [JavaFX Application Thread] INFO  Version              - Source code and latest versions at: https://github.com/AlmasB/FXGL
14:07:44.747 [JavaFX Application Thread] INFO  Version              -              Join the FXGL chat at: https://gitter.im/AlmasB/FXGL
14:07:44.814 [FXGL Launcher Thread     ] DEBUG FXGL                 - Loading FXGL system data
14:07:44.822 [FXGL Launcher Thread     ] DEBUG IOTask               - Executing task: readDataTask(system/fxgl.bundle)
14:07:44.834 [FXGL Launcher Thread     ] DEBUG FS                   - Reading from: system\fxgl.bundle
14:07:44.850 [FXGL Launcher Thread     ] DEBUG IOTask               - Task succeeded: readDataTask(system/fxgl.bundle)
14:07:44.850 [FXGL Launcher Thread     ] DEBUG Bundle               - Logging bundle: FXGL
14:07:44.851 [FXGL Launcher Thread     ] DEBUG Bundle               - FXGL.offline.timer.version.check=2018-01-30T13:31:16.275269400
14:07:44.852 [FXGL Launcher Thread     ] DEBUG GameApplication      - FXGL configuration complete
14:07:44.854 [FXGL Launcher Thread     ] INFO  GameApplication      - FXGL configuration took:  0,102 sec
14:07:44.854 [FXGL Launcher Thread     ] DEBUG GameApplication      - Logging game settings
Title: Untitled
Version: 0.0
Width: 1050
Height: 700
Fullscreen: false
Intro: false
Menus: false
Profiling: false
Single step:false
App Mode: DEVELOPER
Menu Key: ESCAPE
Stage Style: DECORATED
Scene Factory: class com.almasb.fxgl.scene.SceneFactory
Dialog Factory: class com.almasb.fxgl.ui.FXGLDialogFactory
UI Factory: class com.almasb.fxgl.ui.FXGLUIFactory
Notification Service: class com.almasb.fxgl.gameplay.notification.XboxNotificationView
Exception Handler: class com.almasb.fxgl.app.FXGLExceptionHandler
14:07:44.863 [FXGL Launcher Thread     ] DEBUG GameApplication      - Configuring GameApplication
14:07:44.871 [FXGL Launcher Thread     ] DEBUG AppStateMachine      - Initializing application states
14:07:44.885 [FXGL Launcher Thread     ] DEBUG AssetLoader          - Loading from disk: /assets/ui/cursors/fxgl_default.png
14:07:44.908 [FXGL Launcher Thread     ] DEBUG AssetLoader          - Loading from disk: /assets/ui/cursors/fxgl_default.png
14:07:44.922 [FXGL Launcher Thread     ] DEBUG AssetLoader          - Loading from disk: /assets/sounds/core/notification.wav
14:07:44.973 [FXGL Launcher Thread     ] DEBUG AssetLoader          - Loading from disk: /assets/sounds/menu/select.wav
14:07:44.976 [FXGL Launcher Thread     ] DEBUG AssetLoader          - Loading from disk: /assets/sounds/menu/back.wav
14:07:44.978 [FXGL Launcher Thread     ] DEBUG AssetLoader          - Loading from disk: /assets/sounds/menu/press.wav
14:07:45.021 [FXGL Launcher Thread     ] DEBUG AssetLoader          - Loading from disk: /assets/ui/fonts/VarelaRound-Regular.ttf
14:07:45.299 [FXGL Launcher Thread     ] DEBUG AssetLoader          - Loading from disk: /assets/ui/fonts/lucida_console.ttf
14:07:45.320 [FXGL Launcher Thread     ] DEBUG AssetLoader          - Loading from disk: /assets/ui/css/fxgl_dark.css
14:07:45.321 [FXGL Launcher Thread     ] DEBUG AssetLoader          - Loading from disk: /assets/ui/icons/fxgl_icon.png
14:07:45.356 [FXGL Launcher Thread     ] DEBUG AssetLoader          - Loading from disk: /assets/ui/cursors/fxgl_default.png
14:07:45.382 [FXGL Launcher Thread     ] DEBUG FXGL.GameScene       - Game scene initialized: 1050x700
14:07:45.387 [FXGL Launcher Thread     ] DEBUG FXGL.GameWorld       - Game world initialized
14:07:45.520 [FXGL Launcher Thread     ] DEBUG FXGL.PhysicsWorld    - Physics world initialized: appHeight=700, physics.ppm=50,0
14:07:45.548 [FXGL Launcher Thread     ] DEBUG Input                - Registered new binding: Pause - Esc
14:07:45.567 [FXGL Launcher Thread     ] INFO  GameApplication      - Game configuration took:  0,703 sec
14:07:45.570 [JavaFX Application Thread] DEBUG MainWindow           - Opening main window
14:07:45.608 [JavaFX Application Thread] DEBUG MainWindow           - Window border size: (15.0, 37.33331298828125)
14:07:45.608 [JavaFX Application Thread] DEBUG MainWindow           - Scaled size: 995.0 x 680.0
14:07:45.609 [JavaFX Application Thread] DEBUG MainWindow           - Scaled ratio: (0.9476190476190476, 0.9714285714285714)
14:07:45.609 [JavaFX Application Thread] DEBUG MainWindow           - Scene size: 995.0 x 680.0
14:07:45.609 [JavaFX Application Thread] DEBUG MainWindow           - Stage size: 1010.0 x 717.3333129882812
14:07:45.609 [JavaFX Application Thread] DEBUG GameApplication      - Running preInit()
14:07:45.612 [JavaFX Application Thread] DEBUG AnnotationParser     - Main app package name: com.thom9521.mario
14:07:45.775 [JavaFX Application Thread] DEBUG AnnotationParser     - @SetAchievementStore: []
14:07:45.777 [JavaFX Application Thread] DEBUG Input                - Registered new binding: Screenshot - P
14:07:45.778 [JavaFX Application Thread] DEBUG Input                - Registered new binding: Dev Options - CTRL+0
14:07:45.843 [JavaFX Application Thread] DEBUG GameApplication      - Starting main loop
14:07:45.847 [JavaFX Application Thread] DEBUG StartupState         - STARTUP
14:07:45.847 [JavaFX Application Thread] DEBUG GameApplication      - Starting new game
14:07:45.848 [JavaFX Application Thread] DEBUG Input                - Clearing active input actions
14:07:45.849 [JavaFX Application Thread] DEBUG AppStateMachine      - StartupState -> LoadingState
14:07:45.894 [JavaFX Application Thread] DEBUG AnnotationParser     - Main app package name: com.thom9521.mario
14:07:45.895 [JavaFX Application Thread] DEBUG InitAppTask          - Parsing annotations
14:07:45.937 [JavaFX Application Thread] DEBUG AnnotationParser     - @AddCollisionHandler: []
14:07:45.938 [JavaFX Application Thread] DEBUG AnnotationParser     - @SetEventHandler: []
14:07:45.938 [JavaFX Application Thread] DEBUG AnnotationParser     - @SetEntityFactory: [MarioFactory]
14:07:46.004 [FXGL Background Thread 1 ] DEBUG InitAppTask          - Clearing previous game
14:07:46.004 [FXGL Background Thread 1 ] DEBUG FXGL.GameWorld       - Clearing game world
14:07:46.006 [FXGL Background Thread 1 ] DEBUG FXGL.PhysicsWorld    - Clearing physics world
14:07:46.006 [FXGL Background Thread 1 ] DEBUG FXGL.GameScene       - Clearing game scene
14:07:46.007 [FXGL Background Thread 1 ] DEBUG InitAppTask          - Initializing Assets
14:07:46.008 [FXGL Background Thread 1 ] DEBUG InitAppTask          - Initializing Game
14:07:46.044 [FXGL Background Thread 1 ] DEBUG AssetLoader          - Loading from disk: /assets/json/mario.json
14:07:46.506 [FXGL Background Thread 1 ] DEBUG FXGL.GameWorld       - Clearing removable entities
14:07:46.506 [FXGL Background Thread 1 ] DEBUG FXGL.GameWorld       - Setting level from map
14:07:46.540 [FXGL Background Thread 1 ] DEBUG AssetLoader          - Loading from disk: /assets/textures/tiles_spritesheet.png
14:07:46.577 [FXGL Background Thread 1 ] DEBUG AssetLoader          - Loading from cache: /assets/textures/tiles_spritesheet.png
14:07:46.577 [FXGL Background Thread 1 ] DEBUG AssetLoader          - Loading from cache: /assets/textures/tiles_spritesheet.png
14:07:46.578 [FXGL Background Thread 1 ] DEBUG AssetLoader          - Loading from cache: /assets/textures/tiles_spritesheet.png
14:07:46.578 [FXGL Background Thread 1 ] DEBUG AssetLoader          - Loading from cache: /assets/textures/tiles_spritesheet.png
14:07:46.578 [FXGL Background Thread 1 ] DEBUG AssetLoader          - Loading from cache: /assets/textures/tiles_spritesheet.png
14:07:46.579 [FXGL Background Thread 1 ] DEBUG AssetLoader          - Loading from cache: /assets/textures/tiles_spritesheet.png
14:07:46.579 [FXGL Background Thread 1 ] DEBUG AssetLoader          - Loading from cache: /assets/textures/tiles_spritesheet.png
14:07:46.579 [FXGL Background Thread 1 ] DEBUG AssetLoader          - Loading from cache: /assets/textures/tiles_spritesheet.png
14:07:46.580 [FXGL Background Thread 1 ] DEBUG AssetLoader          - Loading from cache: /assets/textures/tiles_spritesheet.png
14:07:46.580 [FXGL Background Thread 1 ] DEBUG AssetLoader          - Loading from cache: /assets/textures/tiles_spritesheet.png
14:07:46.581 [FXGL Background Thread 1 ] DEBUG AssetLoader          - Loading from cache: /assets/textures/tiles_spritesheet.png
14:07:46.581 [FXGL Background Thread 1 ] DEBUG AssetLoader          - Loading from cache: /assets/textures/tiles_spritesheet.png
14:07:46.581 [FXGL Background Thread 1 ] DEBUG AssetLoader          - Loading from cache: /assets/textures/tiles_spritesheet.png
14:07:46.581 [FXGL Background Thread 1 ] DEBUG AssetLoader          - Loading from cache: /assets/textures/tiles_spritesheet.png
14:07:46.582 [FXGL Background Thread 1 ] DEBUG AssetLoader          - Loading from cache: /assets/textures/tiles_spritesheet.png
14:07:46.582 [FXGL Background Thread 1 ] DEBUG AssetLoader          - Loading from cache: /assets/textures/tiles_spritesheet.png
14:07:46.582 [FXGL Background Thread 1 ] DEBUG AssetLoader          - Loading from cache: /assets/textures/tiles_spritesheet.png
14:07:46.582 [FXGL Background Thread 1 ] DEBUG AssetLoader          - Loading from cache: /assets/textures/tiles_spritesheet.png
14:07:46.582 [FXGL Background Thread 1 ] DEBUG AssetLoader          - Loading from cache: /assets/textures/tiles_spritesheet.png
14:07:46.583 [FXGL Background Thread 1 ] DEBUG AssetLoader          - Loading from cache: /assets/textures/tiles_spritesheet.png
14:07:46.583 [FXGL Background Thread 1 ] DEBUG AssetLoader          - Loading from cache: /assets/textures/tiles_spritesheet.png
14:07:46.583 [FXGL Background Thread 1 ] DEBUG AssetLoader          - Loading from cache: /assets/textures/tiles_spritesheet.png
14:07:46.583 [FXGL Background Thread 1 ] DEBUG AssetLoader          - Loading from cache: /assets/textures/tiles_spritesheet.png
14:07:46.584 [FXGL Background Thread 1 ] DEBUG AssetLoader          - Loading from cache: /assets/textures/tiles_spritesheet.png
14:07:46.584 [FXGL Background Thread 1 ] DEBUG AssetLoader          - Loading from cache: /assets/textures/tiles_spritesheet.png
14:07:46.584 [FXGL Background Thread 1 ] DEBUG AssetLoader          - Loading from cache: /assets/textures/tiles_spritesheet.png
14:07:46.587 [FXGL Background Thread 1 ] DEBUG FXGL.GameScene       - Creating render group for layer: BACKGROUND(1000)
14:07:46.657 [FXGL Background Thread 1 ] DEBUG FXGL.GameScene       - Creating render group for layer: TOP(2147483647)
14:07:46.665 [FXGL Background Thread 1 ] DEBUG InitAppTask          - Initializing Physics
14:07:46.666 [FXGL Background Thread 1 ] DEBUG InitAppTask          - Initializing UI
14:07:46.666 [FXGL Background Thread 1 ] DEBUG InitAppTask          - Initialization Complete
14:07:46.666 [FXGL Background Thread 1 ] INFO  InitAppTask          - Game initialization took: 0,662 sec
14:07:46.676 [JavaFX Application Thread] DEBUG Input                - Clearing active input actions
14:07:46.676 [JavaFX Application Thread] DEBUG AppStateMachine      - LoadingState -> PlayState
14:07:54.216 [JavaFX Application Thread] DEBUG GameApplication      - Exiting game application
14:07:54.219 [JavaFX Application Thread] DEBUG GameApplication      - Shutting down background threads
14:07:54.220 [JavaFX Application Thread] DEBUG GameApplication      - Exiting FXGL
14:07:54.220 [JavaFX Application Thread] DEBUG FXGL                 - Saving FXGL system data
14:07:54.227 [JavaFX Application Thread] DEBUG IOTask               - Executing task: writeDataTask(system/fxgl.bundle)
14:07:54.235 [JavaFX Application Thread] DEBUG FS                   - Writing to: system\fxgl.bundle
14:07:54.251 [JavaFX Application Thread] DEBUG IOTask               - Task succeeded: writeDataTask(system/fxgl.bundle)
14:07:54.252 [JavaFX Application Thread] DEBUG GameApplication      - Closing logger and exiting JavaFX
