14:37:15.846 [JavaFX Application Thread] DEBUG GameApplication      - Logger initialized
14:37:15.875 [JavaFX Application Thread] DEBUG MainWindow           - Creating a JavaFX scene
14:37:15.875 [JavaFX Application Thread] DEBUG MainWindow           - Target size > screen size
14:37:16.067 [JavaFX Application Thread] DEBUG MainWindow           - Target settings size: 1050.0 x 700.0
14:37:16.067 [JavaFX Application Thread] DEBUG MainWindow           - Scaled scene size:    995.0 x 680.0
14:37:16.068 [JavaFX Application Thread] DEBUG MainWindow           - Scaled ratio: (0.9476190476190476, 0.9714285714285714)
14:37:16.299 [JavaFX Application Thread] DEBUG GameApplication      - Starting FXGL
14:37:16.299 [JavaFX Application Thread] INFO  Version              - FXGL-0.4.1
14:37:16.300 [JavaFX Application Thread] INFO  Version              - Source code and latest versions at: https://github.com/AlmasB/FXGL
14:37:16.300 [JavaFX Application Thread] INFO  Version              -              Join the FXGL chat at: https://gitter.im/AlmasB/FXGL
14:37:16.369 [FXGL Launcher Thread     ] DEBUG FXGL                 - Loading FXGL system data
14:37:16.377 [FXGL Launcher Thread     ] DEBUG IOTask               - Executing task: readDataTask(system/fxgl.bundle)
14:37:16.387 [FXGL Launcher Thread     ] DEBUG FS                   - Reading from: system\fxgl.bundle
14:37:16.403 [FXGL Launcher Thread     ] DEBUG IOTask               - Task succeeded: readDataTask(system/fxgl.bundle)
14:37:16.403 [FXGL Launcher Thread     ] DEBUG Bundle               - Logging bundle: FXGL
14:37:16.405 [FXGL Launcher Thread     ] DEBUG Bundle               - FXGL.offline.timer.version.check=2018-01-30T13:31:16.275269400
14:37:16.406 [FXGL Launcher Thread     ] DEBUG GameApplication      - FXGL configuration complete
14:37:16.407 [FXGL Launcher Thread     ] INFO  GameApplication      - FXGL configuration took:  0,103 sec
14:37:16.408 [FXGL Launcher Thread     ] DEBUG GameApplication      - Logging game settings
Title: Untitled
Version: 0.0
Width: 1050
Height: 700
Fullscreen: false
Intro: false
Menus: false
Profiling: false
Single step:false
App Mode: DEVELOPER
Menu Key: ESCAPE
Stage Style: DECORATED
Scene Factory: class com.almasb.fxgl.scene.SceneFactory
Dialog Factory: class com.almasb.fxgl.ui.FXGLDialogFactory
UI Factory: class com.almasb.fxgl.ui.FXGLUIFactory
Notification Service: class com.almasb.fxgl.gameplay.notification.XboxNotificationView
Exception Handler: class com.almasb.fxgl.app.FXGLExceptionHandler
14:37:16.429 [FXGL Launcher Thread     ] DEBUG GameApplication      - Configuring GameApplication
14:37:16.435 [FXGL Launcher Thread     ] DEBUG AppStateMachine      - Initializing application states
14:37:16.448 [FXGL Launcher Thread     ] DEBUG AssetLoader          - Loading from disk: /assets/ui/cursors/fxgl_default.png
14:37:16.472 [FXGL Launcher Thread     ] DEBUG AssetLoader          - Loading from disk: /assets/ui/cursors/fxgl_default.png
14:37:16.485 [FXGL Launcher Thread     ] DEBUG AssetLoader          - Loading from disk: /assets/sounds/core/notification.wav
14:37:16.540 [FXGL Launcher Thread     ] DEBUG AssetLoader          - Loading from disk: /assets/sounds/menu/select.wav
14:37:16.543 [FXGL Launcher Thread     ] DEBUG AssetLoader          - Loading from disk: /assets/sounds/menu/back.wav
14:37:16.546 [FXGL Launcher Thread     ] DEBUG AssetLoader          - Loading from disk: /assets/sounds/menu/press.wav
14:37:16.577 [FXGL Launcher Thread     ] DEBUG AssetLoader          - Loading from disk: /assets/ui/fonts/VarelaRound-Regular.ttf
14:37:16.854 [FXGL Launcher Thread     ] DEBUG AssetLoader          - Loading from disk: /assets/ui/fonts/lucida_console.ttf
14:37:16.878 [FXGL Launcher Thread     ] DEBUG AssetLoader          - Loading from disk: /assets/ui/css/fxgl_dark.css
14:37:16.879 [FXGL Launcher Thread     ] DEBUG AssetLoader          - Loading from disk: /assets/ui/icons/fxgl_icon.png
14:37:16.915 [FXGL Launcher Thread     ] DEBUG AssetLoader          - Loading from disk: /assets/ui/cursors/fxgl_default.png
14:37:16.943 [FXGL Launcher Thread     ] DEBUG FXGL.GameScene       - Game scene initialized: 1050x700
14:37:16.948 [FXGL Launcher Thread     ] DEBUG FXGL.GameWorld       - Game world initialized
14:37:17.086 [FXGL Launcher Thread     ] DEBUG FXGL.PhysicsWorld    - Physics world initialized: appHeight=700, physics.ppm=50,0
14:37:17.110 [FXGL Launcher Thread     ] DEBUG Input                - Registered new binding: Pause - Esc
14:37:17.144 [FXGL Launcher Thread     ] INFO  GameApplication      - Game configuration took:  0,714 sec
14:37:17.147 [JavaFX Application Thread] DEBUG MainWindow           - Opening main window
14:37:17.185 [JavaFX Application Thread] DEBUG MainWindow           - Window border size: (15.0, 37.33331298828125)
14:37:17.186 [JavaFX Application Thread] DEBUG MainWindow           - Scaled size: 995.0 x 680.0
14:37:17.186 [JavaFX Application Thread] DEBUG MainWindow           - Scaled ratio: (0.9476190476190476, 0.9714285714285714)
14:37:17.186 [JavaFX Application Thread] DEBUG MainWindow           - Scene size: 995.0 x 680.0
14:37:17.186 [JavaFX Application Thread] DEBUG MainWindow           - Stage size: 1010.0 x 717.3333129882812
14:37:17.186 [JavaFX Application Thread] DEBUG GameApplication      - Running preInit()
14:37:17.189 [JavaFX Application Thread] DEBUG AnnotationParser     - Main app package name: com.thom9521.mario
14:37:17.323 [JavaFX Application Thread] DEBUG AnnotationParser     - @SetAchievementStore: []
14:37:17.325 [JavaFX Application Thread] DEBUG Input                - Registered new binding: Screenshot - P
14:37:17.327 [JavaFX Application Thread] DEBUG Input                - Registered new binding: Dev Options - CTRL+0
14:37:17.327 [JavaFX Application Thread] DEBUG Input                - Registered new binding: Left - A
14:37:17.329 [JavaFX Application Thread] DEBUG Input                - Registered new binding: Right - D
14:37:17.329 [JavaFX Application Thread] DEBUG Input                - Registered new binding: Jump - W
14:37:17.389 [JavaFX Application Thread] DEBUG GameApplication      - Starting main loop
14:37:17.393 [JavaFX Application Thread] DEBUG StartupState         - STARTUP
14:37:17.393 [JavaFX Application Thread] DEBUG GameApplication      - Starting new game
14:37:17.394 [JavaFX Application Thread] DEBUG Input                - Clearing active input actions
14:37:17.395 [JavaFX Application Thread] DEBUG AppStateMachine      - StartupState -> LoadingState
14:37:17.444 [JavaFX Application Thread] DEBUG AnnotationParser     - Main app package name: com.thom9521.mario
14:37:17.444 [JavaFX Application Thread] DEBUG InitAppTask          - Parsing annotations
14:37:17.517 [JavaFX Application Thread] DEBUG AnnotationParser     - @AddCollisionHandler: []
14:37:17.517 [JavaFX Application Thread] DEBUG AnnotationParser     - @SetEntityFactory: [MarioFactory]
14:37:17.517 [JavaFX Application Thread] DEBUG AnnotationParser     - @SetEventHandler: []
14:37:17.547 [FXGL Background Thread 1 ] DEBUG InitAppTask          - Clearing previous game
14:37:17.548 [FXGL Background Thread 1 ] DEBUG FXGL.GameWorld       - Clearing game world
14:37:17.549 [FXGL Background Thread 1 ] DEBUG FXGL.PhysicsWorld    - Clearing physics world
14:37:17.549 [FXGL Background Thread 1 ] DEBUG FXGL.GameScene       - Clearing game scene
14:37:17.550 [FXGL Background Thread 1 ] DEBUG InitAppTask          - Initializing Assets
14:37:17.551 [FXGL Background Thread 1 ] DEBUG InitAppTask          - Initializing Game
14:37:17.587 [FXGL Background Thread 1 ] DEBUG AssetLoader          - Loading from disk: /assets/json/mario.json
14:37:18.028 [FXGL Background Thread 1 ] DEBUG FXGL.GameWorld       - Clearing removable entities
14:37:18.028 [FXGL Background Thread 1 ] DEBUG FXGL.GameWorld       - Setting level from map
14:37:18.071 [FXGL Background Thread 1 ] DEBUG AssetLoader          - Loading from disk: /assets/textures/tiles_spritesheet.png
14:37:18.106 [FXGL Background Thread 1 ] DEBUG AssetLoader          - Loading from cache: /assets/textures/tiles_spritesheet.png
14:37:18.107 [FXGL Background Thread 1 ] DEBUG AssetLoader          - Loading from cache: /assets/textures/tiles_spritesheet.png
14:37:18.107 [FXGL Background Thread 1 ] DEBUG AssetLoader          - Loading from cache: /assets/textures/tiles_spritesheet.png
14:37:18.107 [FXGL Background Thread 1 ] DEBUG AssetLoader          - Loading from cache: /assets/textures/tiles_spritesheet.png
14:37:18.108 [FXGL Background Thread 1 ] DEBUG AssetLoader          - Loading from cache: /assets/textures/tiles_spritesheet.png
14:37:18.108 [FXGL Background Thread 1 ] DEBUG AssetLoader          - Loading from cache: /assets/textures/tiles_spritesheet.png
14:37:18.108 [FXGL Background Thread 1 ] DEBUG AssetLoader          - Loading from cache: /assets/textures/tiles_spritesheet.png
14:37:18.109 [FXGL Background Thread 1 ] DEBUG AssetLoader          - Loading from cache: /assets/textures/tiles_spritesheet.png
14:37:18.109 [FXGL Background Thread 1 ] DEBUG AssetLoader          - Loading from cache: /assets/textures/tiles_spritesheet.png
14:37:18.109 [FXGL Background Thread 1 ] DEBUG AssetLoader          - Loading from cache: /assets/textures/tiles_spritesheet.png
14:37:18.110 [FXGL Background Thread 1 ] DEBUG AssetLoader          - Loading from cache: /assets/textures/tiles_spritesheet.png
14:37:18.110 [FXGL Background Thread 1 ] DEBUG AssetLoader          - Loading from cache: /assets/textures/tiles_spritesheet.png
14:37:18.110 [FXGL Background Thread 1 ] DEBUG AssetLoader          - Loading from cache: /assets/textures/tiles_spritesheet.png
14:37:18.110 [FXGL Background Thread 1 ] DEBUG AssetLoader          - Loading from cache: /assets/textures/tiles_spritesheet.png
14:37:18.113 [FXGL Background Thread 1 ] DEBUG AssetLoader          - Loading from cache: /assets/textures/tiles_spritesheet.png
14:37:18.113 [FXGL Background Thread 1 ] DEBUG AssetLoader          - Loading from cache: /assets/textures/tiles_spritesheet.png
14:37:18.113 [FXGL Background Thread 1 ] DEBUG AssetLoader          - Loading from cache: /assets/textures/tiles_spritesheet.png
14:37:18.114 [FXGL Background Thread 1 ] DEBUG AssetLoader          - Loading from cache: /assets/textures/tiles_spritesheet.png
14:37:18.114 [FXGL Background Thread 1 ] DEBUG AssetLoader          - Loading from cache: /assets/textures/tiles_spritesheet.png
14:37:18.114 [FXGL Background Thread 1 ] DEBUG AssetLoader          - Loading from cache: /assets/textures/tiles_spritesheet.png
14:37:18.114 [FXGL Background Thread 1 ] DEBUG AssetLoader          - Loading from cache: /assets/textures/tiles_spritesheet.png
14:37:18.115 [FXGL Background Thread 1 ] DEBUG AssetLoader          - Loading from cache: /assets/textures/tiles_spritesheet.png
14:37:18.115 [FXGL Background Thread 1 ] DEBUG AssetLoader          - Loading from cache: /assets/textures/tiles_spritesheet.png
14:37:18.115 [FXGL Background Thread 1 ] DEBUG AssetLoader          - Loading from cache: /assets/textures/tiles_spritesheet.png
14:37:18.115 [FXGL Background Thread 1 ] DEBUG AssetLoader          - Loading from cache: /assets/textures/tiles_spritesheet.png
14:37:18.116 [FXGL Background Thread 1 ] DEBUG AssetLoader          - Loading from cache: /assets/textures/tiles_spritesheet.png
14:37:18.118 [FXGL Background Thread 1 ] DEBUG FXGL.GameScene       - Creating render group for layer: BACKGROUND(1000)
14:37:18.187 [FXGL Background Thread 1 ] DEBUG FXGL.GameScene       - Creating render group for layer: TOP(2147483647)
14:37:18.202 [FXGL Background Thread 1 ] DEBUG InitAppTask          - Initializing Physics
14:37:18.203 [FXGL Background Thread 1 ] DEBUG InitAppTask          - Initializing UI
14:37:18.203 [FXGL Background Thread 1 ] DEBUG InitAppTask          - Initialization Complete
14:37:18.204 [FXGL Background Thread 1 ] INFO  InitAppTask          - Game initialization took: 0,656 sec
14:37:18.206 [JavaFX Application Thread] DEBUG Input                - Clearing active input actions
14:37:18.206 [JavaFX Application Thread] DEBUG AppStateMachine      - LoadingState -> PlayState
14:37:36.037 [JavaFX Application Thread] DEBUG GameApplication      - Exiting game application
14:37:36.040 [JavaFX Application Thread] DEBUG GameApplication      - Shutting down background threads
14:37:36.041 [JavaFX Application Thread] DEBUG GameApplication      - Exiting FXGL
14:37:36.041 [JavaFX Application Thread] DEBUG FXGL                 - Saving FXGL system data
14:37:36.045 [JavaFX Application Thread] DEBUG IOTask               - Executing task: writeDataTask(system/fxgl.bundle)
14:37:36.051 [JavaFX Application Thread] DEBUG FS                   - Writing to: system\fxgl.bundle
14:37:36.064 [JavaFX Application Thread] DEBUG IOTask               - Task succeeded: writeDataTask(system/fxgl.bundle)
14:37:36.064 [JavaFX Application Thread] DEBUG GameApplication      - Closing logger and exiting JavaFX
