14:41:02.617 [JavaFX Application Thread] DEBUG GameApplication      - Logger initialized
14:41:02.675 [JavaFX Application Thread] DEBUG MainWindow           - Creating a JavaFX scene
14:41:02.675 [JavaFX Application Thread] DEBUG MainWindow           - Target size > screen size
14:41:02.912 [JavaFX Application Thread] DEBUG MainWindow           - Target settings size: 1050.0 x 700.0
14:41:02.912 [JavaFX Application Thread] DEBUG MainWindow           - Scaled scene size:    995.0 x 680.0
14:41:02.913 [JavaFX Application Thread] DEBUG MainWindow           - Scaled ratio: (0.9476190476190476, 0.9714285714285714)
14:41:03.142 [JavaFX Application Thread] DEBUG GameApplication      - Starting FXGL
14:41:03.143 [JavaFX Application Thread] INFO  Version              - FXGL-0.4.1
14:41:03.143 [JavaFX Application Thread] INFO  Version              - Source code and latest versions at: https://github.com/AlmasB/FXGL
14:41:03.143 [JavaFX Application Thread] INFO  Version              -              Join the FXGL chat at: https://gitter.im/AlmasB/FXGL
14:41:03.256 [FXGL Launcher Thread     ] DEBUG FXGL                 - Loading FXGL system data
14:41:03.262 [FXGL Launcher Thread     ] DEBUG IOTask               - Executing task: readDataTask(system/fxgl.bundle)
14:41:03.273 [FXGL Launcher Thread     ] DEBUG FS                   - Reading from: system\fxgl.bundle
14:41:03.287 [FXGL Launcher Thread     ] DEBUG IOTask               - Task succeeded: readDataTask(system/fxgl.bundle)
14:41:03.288 [FXGL Launcher Thread     ] DEBUG Bundle               - Logging bundle: FXGL
14:41:03.290 [FXGL Launcher Thread     ] DEBUG Bundle               - FXGL.offline.timer.version.check=2018-01-30T13:31:16.275269400
14:41:03.291 [FXGL Launcher Thread     ] DEBUG GameApplication      - FXGL configuration complete
14:41:03.292 [FXGL Launcher Thread     ] INFO  GameApplication      - FXGL configuration took:  0,092 sec
14:41:03.293 [FXGL Launcher Thread     ] DEBUG GameApplication      - Logging game settings
Title: Untitled
Version: 0.0
Width: 1050
Height: 700
Fullscreen: false
Intro: false
Menus: false
Profiling: false
Single step:false
App Mode: DEVELOPER
Menu Key: ESCAPE
Stage Style: DECORATED
Scene Factory: class com.almasb.fxgl.scene.SceneFactory
Dialog Factory: class com.almasb.fxgl.ui.FXGLDialogFactory
UI Factory: class com.almasb.fxgl.ui.FXGLUIFactory
Notification Service: class com.almasb.fxgl.gameplay.notification.XboxNotificationView
Exception Handler: class com.almasb.fxgl.app.FXGLExceptionHandler
14:41:03.303 [FXGL Launcher Thread     ] DEBUG GameApplication      - Configuring GameApplication
14:41:03.311 [FXGL Launcher Thread     ] DEBUG AppStateMachine      - Initializing application states
14:41:03.325 [FXGL Launcher Thread     ] DEBUG AssetLoader          - Loading from disk: /assets/ui/cursors/fxgl_default.png
14:41:03.350 [FXGL Launcher Thread     ] DEBUG AssetLoader          - Loading from disk: /assets/ui/cursors/fxgl_default.png
14:41:03.363 [FXGL Launcher Thread     ] DEBUG AssetLoader          - Loading from disk: /assets/sounds/core/notification.wav
14:41:03.405 [FXGL Launcher Thread     ] DEBUG AssetLoader          - Loading from disk: /assets/sounds/menu/select.wav
14:41:03.408 [FXGL Launcher Thread     ] DEBUG AssetLoader          - Loading from disk: /assets/sounds/menu/back.wav
14:41:03.411 [FXGL Launcher Thread     ] DEBUG AssetLoader          - Loading from disk: /assets/sounds/menu/press.wav
14:41:03.448 [FXGL Launcher Thread     ] DEBUG AssetLoader          - Loading from disk: /assets/ui/fonts/VarelaRound-Regular.ttf
14:41:03.747 [FXGL Launcher Thread     ] DEBUG AssetLoader          - Loading from disk: /assets/ui/fonts/lucida_console.ttf
14:41:03.770 [FXGL Launcher Thread     ] DEBUG AssetLoader          - Loading from disk: /assets/ui/css/fxgl_dark.css
14:41:03.771 [FXGL Launcher Thread     ] DEBUG AssetLoader          - Loading from disk: /assets/ui/icons/fxgl_icon.png
14:41:03.801 [FXGL Launcher Thread     ] DEBUG AssetLoader          - Loading from disk: /assets/ui/cursors/fxgl_default.png
14:41:03.829 [FXGL Launcher Thread     ] DEBUG FXGL.GameScene       - Game scene initialized: 1050x700
14:41:03.834 [FXGL Launcher Thread     ] DEBUG FXGL.GameWorld       - Game world initialized
14:41:03.931 [FXGL Launcher Thread     ] DEBUG FXGL.PhysicsWorld    - Physics world initialized: appHeight=700, physics.ppm=50,0
14:41:03.955 [FXGL Launcher Thread     ] DEBUG Input                - Registered new binding: Pause - Esc
14:41:04.007 [FXGL Launcher Thread     ] INFO  GameApplication      - Game configuration took:  0,703 sec
14:41:04.024 [JavaFX Application Thread] DEBUG MainWindow           - Opening main window
14:41:04.065 [JavaFX Application Thread] DEBUG MainWindow           - Window border size: (15.0, 37.33331298828125)
14:41:04.066 [JavaFX Application Thread] DEBUG MainWindow           - Scaled size: 995.0 x 680.0
14:41:04.066 [JavaFX Application Thread] DEBUG MainWindow           - Scaled ratio: (0.9476190476190476, 0.9714285714285714)
14:41:04.066 [JavaFX Application Thread] DEBUG MainWindow           - Scene size: 995.0 x 680.0
14:41:04.066 [JavaFX Application Thread] DEBUG MainWindow           - Stage size: 1010.0 x 717.3333129882812
14:41:04.066 [JavaFX Application Thread] DEBUG GameApplication      - Running preInit()
14:41:04.069 [JavaFX Application Thread] DEBUG AnnotationParser     - Main app package name: com.thom9521.mario
14:41:04.226 [JavaFX Application Thread] DEBUG AnnotationParser     - @SetAchievementStore: []
14:41:04.228 [JavaFX Application Thread] DEBUG Input                - Registered new binding: Screenshot - P
14:41:04.229 [JavaFX Application Thread] DEBUG Input                - Registered new binding: Dev Options - CTRL+0
14:41:04.229 [JavaFX Application Thread] DEBUG Input                - Registered new binding: Left - A
14:41:04.229 [JavaFX Application Thread] DEBUG Input                - Registered new binding: Right - D
14:41:04.229 [JavaFX Application Thread] DEBUG Input                - Registered new binding: Jump - W
14:41:04.288 [JavaFX Application Thread] DEBUG GameApplication      - Starting main loop
14:41:04.295 [JavaFX Application Thread] DEBUG StartupState         - STARTUP
14:41:04.295 [JavaFX Application Thread] DEBUG GameApplication      - Starting new game
14:41:04.295 [JavaFX Application Thread] DEBUG Input                - Clearing active input actions
14:41:04.295 [JavaFX Application Thread] DEBUG AppStateMachine      - StartupState -> LoadingState
14:41:04.345 [JavaFX Application Thread] DEBUG AnnotationParser     - Main app package name: com.thom9521.mario
14:41:04.346 [JavaFX Application Thread] DEBUG InitAppTask          - Parsing annotations
14:41:04.381 [JavaFX Application Thread] DEBUG AnnotationParser     - @SetEntityFactory: [MarioFactory]
14:41:04.381 [JavaFX Application Thread] DEBUG AnnotationParser     - @SetEventHandler: []
14:41:04.381 [JavaFX Application Thread] DEBUG AnnotationParser     - @AddCollisionHandler: []
14:41:04.420 [FXGL Background Thread 1 ] DEBUG InitAppTask          - Clearing previous game
14:41:04.421 [FXGL Background Thread 1 ] DEBUG FXGL.GameWorld       - Clearing game world
14:41:04.422 [FXGL Background Thread 1 ] DEBUG FXGL.PhysicsWorld    - Clearing physics world
14:41:04.422 [FXGL Background Thread 1 ] DEBUG FXGL.GameScene       - Clearing game scene
14:41:04.423 [FXGL Background Thread 1 ] DEBUG InitAppTask          - Initializing Assets
14:41:04.424 [FXGL Background Thread 1 ] DEBUG InitAppTask          - Initializing Game
14:41:04.457 [FXGL Background Thread 1 ] DEBUG AssetLoader          - Loading from disk: /assets/json/mario.json
14:41:04.936 [FXGL Background Thread 1 ] DEBUG FXGL.GameWorld       - Clearing removable entities
14:41:04.936 [FXGL Background Thread 1 ] DEBUG FXGL.GameWorld       - Setting level from map
14:41:04.977 [FXGL Background Thread 1 ] DEBUG AssetLoader          - Loading from disk: /assets/textures/tiles_spritesheet.png
14:41:05.012 [FXGL Background Thread 1 ] DEBUG AssetLoader          - Loading from cache: /assets/textures/tiles_spritesheet.png
14:41:05.013 [FXGL Background Thread 1 ] DEBUG AssetLoader          - Loading from cache: /assets/textures/tiles_spritesheet.png
14:41:05.013 [FXGL Background Thread 1 ] DEBUG AssetLoader          - Loading from cache: /assets/textures/tiles_spritesheet.png
14:41:05.014 [FXGL Background Thread 1 ] DEBUG AssetLoader          - Loading from cache: /assets/textures/tiles_spritesheet.png
14:41:05.014 [FXGL Background Thread 1 ] DEBUG AssetLoader          - Loading from cache: /assets/textures/tiles_spritesheet.png
14:41:05.015 [FXGL Background Thread 1 ] DEBUG AssetLoader          - Loading from cache: /assets/textures/tiles_spritesheet.png
14:41:05.015 [FXGL Background Thread 1 ] DEBUG AssetLoader          - Loading from cache: /assets/textures/tiles_spritesheet.png
14:41:05.015 [FXGL Background Thread 1 ] DEBUG AssetLoader          - Loading from cache: /assets/textures/tiles_spritesheet.png
14:41:05.015 [FXGL Background Thread 1 ] DEBUG AssetLoader          - Loading from cache: /assets/textures/tiles_spritesheet.png
14:41:05.026 [FXGL Background Thread 1 ] DEBUG AssetLoader          - Loading from cache: /assets/textures/tiles_spritesheet.png
14:41:05.027 [FXGL Background Thread 1 ] DEBUG AssetLoader          - Loading from cache: /assets/textures/tiles_spritesheet.png
14:41:05.027 [FXGL Background Thread 1 ] DEBUG AssetLoader          - Loading from cache: /assets/textures/tiles_spritesheet.png
14:41:05.027 [FXGL Background Thread 1 ] DEBUG AssetLoader          - Loading from cache: /assets/textures/tiles_spritesheet.png
14:41:05.028 [FXGL Background Thread 1 ] DEBUG AssetLoader          - Loading from cache: /assets/textures/tiles_spritesheet.png
14:41:05.028 [FXGL Background Thread 1 ] DEBUG AssetLoader          - Loading from cache: /assets/textures/tiles_spritesheet.png
14:41:05.028 [FXGL Background Thread 1 ] DEBUG AssetLoader          - Loading from cache: /assets/textures/tiles_spritesheet.png
14:41:05.028 [FXGL Background Thread 1 ] DEBUG AssetLoader          - Loading from cache: /assets/textures/tiles_spritesheet.png
14:41:05.029 [FXGL Background Thread 1 ] DEBUG AssetLoader          - Loading from cache: /assets/textures/tiles_spritesheet.png
14:41:05.029 [FXGL Background Thread 1 ] DEBUG AssetLoader          - Loading from cache: /assets/textures/tiles_spritesheet.png
14:41:05.029 [FXGL Background Thread 1 ] DEBUG AssetLoader          - Loading from cache: /assets/textures/tiles_spritesheet.png
14:41:05.029 [FXGL Background Thread 1 ] DEBUG AssetLoader          - Loading from cache: /assets/textures/tiles_spritesheet.png
14:41:05.030 [FXGL Background Thread 1 ] DEBUG AssetLoader          - Loading from cache: /assets/textures/tiles_spritesheet.png
14:41:05.030 [FXGL Background Thread 1 ] DEBUG AssetLoader          - Loading from cache: /assets/textures/tiles_spritesheet.png
14:41:05.030 [FXGL Background Thread 1 ] DEBUG AssetLoader          - Loading from cache: /assets/textures/tiles_spritesheet.png
14:41:05.030 [FXGL Background Thread 1 ] DEBUG AssetLoader          - Loading from cache: /assets/textures/tiles_spritesheet.png
14:41:05.031 [FXGL Background Thread 1 ] DEBUG AssetLoader          - Loading from cache: /assets/textures/tiles_spritesheet.png
14:41:05.031 [FXGL Background Thread 1 ] DEBUG AssetLoader          - Loading from cache: /assets/textures/tiles_spritesheet.png
14:41:05.031 [FXGL Background Thread 1 ] DEBUG AssetLoader          - Loading from cache: /assets/textures/tiles_spritesheet.png
14:41:05.033 [FXGL Background Thread 1 ] DEBUG FXGL.GameScene       - Creating render group for layer: BACKGROUND(1000)
14:41:05.104 [FXGL Background Thread 1 ] DEBUG FXGL.GameScene       - Creating render group for layer: TOP(2147483647)
14:41:05.116 [JavaFX Application Thread] FATAL GameApplication      - Uncaught Exception:
14:41:05.117 [JavaFX Application Thread] FATAL GameApplication      - 

Exception occurred: java.lang.IllegalArgumentException : EntityFactory does not have a method annotated @Spawns(door)
E: com.almasb.fxgl.entity.GameWorld.spawn(GameWorld.java:401)
E: com.almasb.fxgl.entity.GameWorld.lambda$setLevelFromMap$4(GameWorld.java:291)
E: java.base/java.util.stream.ForEachOps$ForEachOp$OfRef.accept(ForEachOps.java:184)
E: java.base/java.util.ArrayList$ArrayListSpliterator.forEachRemaining(ArrayList.java:1494)
E: java.base/java.util.stream.ReferencePipeline$Head.forEach(ReferencePipeline.java:591)
E: java.base/java.util.stream.ReferencePipeline$7$1.accept(ReferencePipeline.java:272)
E: java.base/java.util.stream.ReferencePipeline$2$1.accept(ReferencePipeline.java:177)
E: java.base/java.util.ArrayList$ArrayListSpliterator.forEachRemaining(ArrayList.java:1494)
E: java.base/java.util.stream.AbstractPipeline.copyInto(AbstractPipeline.java:484)
E: java.base/java.util.stream.AbstractPipeline.wrapAndCopyInto(AbstractPipeline.java:474)
E: java.base/java.util.stream.ForEachOps$ForEachOp.evaluateSequential(ForEachOps.java:151)
E: java.base/java.util.stream.ForEachOps$ForEachOp$OfRef.evaluateSequential(ForEachOps.java:174)
E: java.base/java.util.stream.AbstractPipeline.evaluate(AbstractPipeline.java:234)
E: java.base/java.util.stream.ReferencePipeline.forEach(ReferencePipeline.java:430)
E: com.almasb.fxgl.entity.GameWorld.setLevelFromMap(GameWorld.java:291)
E: com.almasb.fxgl.entity.GameWorld.setLevelFromMap(GameWorld.java:272)
E: com.thom9521.mario.MarioApp.initGame(MarioApp.java:48)
E: com.almasb.fxgl.app.LoadingState$InitAppTask.initGame(AppStates.kt:200)
E: com.almasb.fxgl.app.LoadingState$InitAppTask.call(AppStates.kt:160)
E: com.almasb.fxgl.app.LoadingState$InitAppTask.call(AppStates.kt:132)
E: javafx.graphics/javafx.concurrent.Task$TaskCallable.call(Task.java:1425)
E: java.base/java.util.concurrent.FutureTask.run(FutureTask.java:264)
E: java.base/java.util.concurrent.Executors$RunnableAdapter.call(Executors.java:514)
E: java.base/java.util.concurrent.FutureTask.run(FutureTask.java:264)
E: java.base/java.util.concurrent.ThreadPoolExecutor.runWorker(ThreadPoolExecutor.java:1167)
E: java.base/java.util.concurrent.ThreadPoolExecutor$Worker.run(ThreadPoolExecutor.java:641)
E: java.base/java.lang.Thread.run(Thread.java:844)

14:41:05.117 [JavaFX Application Thread] FATAL GameApplication      - Application will now exit
14:41:05.117 [JavaFX Application Thread] DEBUG GameApplication      - Stopping main loop
14:41:08.984 [JavaFX Application Thread] DEBUG GameApplication      - Exiting game application
14:41:08.988 [JavaFX Application Thread] DEBUG GameApplication      - Shutting down background threads
14:41:08.989 [JavaFX Application Thread] DEBUG GameApplication      - Exiting FXGL
14:41:08.990 [JavaFX Application Thread] DEBUG FXGL                 - Saving FXGL system data
14:41:08.993 [JavaFX Application Thread] DEBUG IOTask               - Executing task: writeDataTask(system/fxgl.bundle)
14:41:08.998 [JavaFX Application Thread] DEBUG FS                   - Writing to: system\fxgl.bundle
14:41:09.010 [JavaFX Application Thread] DEBUG IOTask               - Task succeeded: writeDataTask(system/fxgl.bundle)
14:41:09.011 [JavaFX Application Thread] DEBUG GameApplication      - Closing logger and exiting JavaFX
