14:05:36.125 [JavaFX Application Thread] DEBUG GameApplication      - Logger initialized
14:05:36.164 [JavaFX Application Thread] DEBUG MainWindow           - Creating a JavaFX scene
14:05:36.164 [JavaFX Application Thread] DEBUG MainWindow           - Target size > screen size
14:05:36.471 [JavaFX Application Thread] DEBUG MainWindow           - Target settings size: 1050.0 x 700.0
14:05:36.471 [JavaFX Application Thread] DEBUG MainWindow           - Scaled scene size:    995.0 x 680.0
14:05:36.472 [JavaFX Application Thread] DEBUG MainWindow           - Scaled ratio: (0.9476190476190476, 0.9714285714285714)
14:05:36.691 [JavaFX Application Thread] DEBUG GameApplication      - Starting FXGL
14:05:36.691 [JavaFX Application Thread] INFO  Version              - FXGL-0.4.1
14:05:36.691 [JavaFX Application Thread] INFO  Version              - Source code and latest versions at: https://github.com/AlmasB/FXGL
14:05:36.692 [JavaFX Application Thread] INFO  Version              -              Join the FXGL chat at: https://gitter.im/AlmasB/FXGL
14:05:36.755 [FXGL Launcher Thread     ] DEBUG FXGL                 - Loading FXGL system data
14:05:36.762 [FXGL Launcher Thread     ] DEBUG IOTask               - Executing task: readDataTask(system/fxgl.bundle)
14:05:36.773 [FXGL Launcher Thread     ] DEBUG FS                   - Reading from: system\fxgl.bundle
14:05:36.789 [FXGL Launcher Thread     ] DEBUG IOTask               - Task succeeded: readDataTask(system/fxgl.bundle)
14:05:36.789 [FXGL Launcher Thread     ] DEBUG Bundle               - Logging bundle: FXGL
14:05:36.791 [FXGL Launcher Thread     ] DEBUG Bundle               - FXGL.offline.timer.version.check=2018-01-30T13:31:16.275269400
14:05:36.791 [FXGL Launcher Thread     ] DEBUG GameApplication      - FXGL configuration complete
14:05:36.793 [FXGL Launcher Thread     ] INFO  GameApplication      - FXGL configuration took:  0,096 sec
14:05:36.794 [FXGL Launcher Thread     ] DEBUG GameApplication      - Logging game settings
Title: Untitled
Version: 0.0
Width: 1050
Height: 700
Fullscreen: false
Intro: false
Menus: false
Profiling: false
Single step:false
App Mode: DEVELOPER
Menu Key: ESCAPE
Stage Style: DECORATED
Scene Factory: class com.almasb.fxgl.scene.SceneFactory
Dialog Factory: class com.almasb.fxgl.ui.FXGLDialogFactory
UI Factory: class com.almasb.fxgl.ui.FXGLUIFactory
Notification Service: class com.almasb.fxgl.gameplay.notification.XboxNotificationView
Exception Handler: class com.almasb.fxgl.app.FXGLExceptionHandler
14:05:36.830 [FXGL Launcher Thread     ] DEBUG GameApplication      - Configuring GameApplication
14:05:36.838 [FXGL Launcher Thread     ] DEBUG AppStateMachine      - Initializing application states
14:05:36.856 [FXGL Launcher Thread     ] DEBUG AssetLoader          - Loading from disk: /assets/ui/cursors/fxgl_default.png
14:05:36.888 [FXGL Launcher Thread     ] DEBUG AssetLoader          - Loading from disk: /assets/ui/cursors/fxgl_default.png
14:05:36.901 [FXGL Launcher Thread     ] DEBUG AssetLoader          - Loading from disk: /assets/sounds/core/notification.wav
14:05:36.954 [FXGL Launcher Thread     ] DEBUG AssetLoader          - Loading from disk: /assets/sounds/menu/select.wav
14:05:36.957 [FXGL Launcher Thread     ] DEBUG AssetLoader          - Loading from disk: /assets/sounds/menu/back.wav
14:05:36.960 [FXGL Launcher Thread     ] DEBUG AssetLoader          - Loading from disk: /assets/sounds/menu/press.wav
14:05:36.963 [FXGL Launcher Thread     ] DEBUG AssetLoader          - Loading from disk: /assets/ui/fonts/VarelaRound-Regular.ttf
14:05:37.214 [FXGL Launcher Thread     ] DEBUG AssetLoader          - Loading from disk: /assets/ui/fonts/lucida_console.ttf
14:05:37.246 [FXGL Launcher Thread     ] DEBUG AssetLoader          - Loading from disk: /assets/ui/css/fxgl_dark.css
14:05:37.247 [FXGL Launcher Thread     ] DEBUG AssetLoader          - Loading from disk: /assets/ui/icons/fxgl_icon.png
14:05:37.278 [FXGL Launcher Thread     ] DEBUG AssetLoader          - Loading from disk: /assets/ui/cursors/fxgl_default.png
14:05:37.308 [FXGL Launcher Thread     ] DEBUG FXGL.GameScene       - Game scene initialized: 1050x700
14:05:37.313 [FXGL Launcher Thread     ] DEBUG FXGL.GameWorld       - Game world initialized
14:05:37.418 [FXGL Launcher Thread     ] DEBUG FXGL.PhysicsWorld    - Physics world initialized: appHeight=700, physics.ppm=50,0
14:05:37.445 [FXGL Launcher Thread     ] DEBUG Input                - Registered new binding: Pause - Esc
14:05:37.475 [FXGL Launcher Thread     ] INFO  GameApplication      - Game configuration took:  0,644 sec
14:05:37.478 [JavaFX Application Thread] DEBUG MainWindow           - Opening main window
14:05:37.512 [JavaFX Application Thread] DEBUG MainWindow           - Window border size: (15.0, 37.33331298828125)
14:05:37.512 [JavaFX Application Thread] DEBUG MainWindow           - Scaled size: 995.0 x 680.0
14:05:37.512 [JavaFX Application Thread] DEBUG MainWindow           - Scaled ratio: (0.9476190476190476, 0.9714285714285714)
14:05:37.513 [JavaFX Application Thread] DEBUG MainWindow           - Scene size: 995.0 x 680.0
14:05:37.513 [JavaFX Application Thread] DEBUG MainWindow           - Stage size: 1010.0 x 717.3333129882812
14:05:37.513 [JavaFX Application Thread] DEBUG GameApplication      - Running preInit()
14:05:37.516 [JavaFX Application Thread] DEBUG AnnotationParser     - Main app package name: com.thom9521.mario
14:05:37.666 [JavaFX Application Thread] DEBUG AnnotationParser     - @SetAchievementStore: []
14:05:37.668 [JavaFX Application Thread] DEBUG Input                - Registered new binding: Screenshot - P
14:05:37.671 [JavaFX Application Thread] DEBUG Input                - Registered new binding: Dev Options - CTRL+0
14:05:37.731 [JavaFX Application Thread] DEBUG GameApplication      - Starting main loop
14:05:37.744 [JavaFX Application Thread] DEBUG StartupState         - STARTUP
14:05:37.745 [JavaFX Application Thread] DEBUG GameApplication      - Starting new game
14:05:37.745 [JavaFX Application Thread] DEBUG Input                - Clearing active input actions
14:05:37.745 [JavaFX Application Thread] DEBUG AppStateMachine      - StartupState -> LoadingState
14:05:37.793 [JavaFX Application Thread] DEBUG AnnotationParser     - Main app package name: com.thom9521.mario
14:05:37.794 [JavaFX Application Thread] DEBUG InitAppTask          - Parsing annotations
14:05:37.865 [JavaFX Application Thread] DEBUG AnnotationParser     - @AddCollisionHandler: []
14:05:37.865 [JavaFX Application Thread] DEBUG AnnotationParser     - @SetEventHandler: []
14:05:37.865 [JavaFX Application Thread] DEBUG AnnotationParser     - @SetEntityFactory: [MarioFactory]
14:05:37.893 [FXGL Background Thread 1 ] DEBUG InitAppTask          - Clearing previous game
14:05:37.893 [FXGL Background Thread 1 ] DEBUG FXGL.GameWorld       - Clearing game world
14:05:37.894 [FXGL Background Thread 1 ] DEBUG FXGL.PhysicsWorld    - Clearing physics world
14:05:37.895 [FXGL Background Thread 1 ] DEBUG FXGL.GameScene       - Clearing game scene
14:05:37.895 [FXGL Background Thread 1 ] DEBUG InitAppTask          - Initializing Assets
14:05:37.896 [FXGL Background Thread 1 ] DEBUG InitAppTask          - Initializing Game
14:05:37.948 [FXGL Background Thread 1 ] DEBUG AssetLoader          - Loading from disk: /assets/json/mario.json
14:05:38.410 [FXGL Background Thread 1 ] DEBUG FXGL.GameWorld       - Clearing removable entities
14:05:38.410 [FXGL Background Thread 1 ] DEBUG FXGL.GameWorld       - Setting level from map
14:05:38.449 [FXGL Background Thread 1 ] DEBUG AssetLoader          - Loading from disk: /assets/textures/tiles_spritesheet.png
14:05:38.489 [FXGL Background Thread 1 ] DEBUG AssetLoader          - Loading from cache: /assets/textures/tiles_spritesheet.png
14:05:38.489 [FXGL Background Thread 1 ] DEBUG AssetLoader          - Loading from cache: /assets/textures/tiles_spritesheet.png
14:05:38.489 [FXGL Background Thread 1 ] DEBUG AssetLoader          - Loading from cache: /assets/textures/tiles_spritesheet.png
14:05:38.490 [FXGL Background Thread 1 ] DEBUG AssetLoader          - Loading from cache: /assets/textures/tiles_spritesheet.png
14:05:38.490 [FXGL Background Thread 1 ] DEBUG AssetLoader          - Loading from cache: /assets/textures/tiles_spritesheet.png
14:05:38.490 [FXGL Background Thread 1 ] DEBUG AssetLoader          - Loading from cache: /assets/textures/tiles_spritesheet.png
14:05:38.490 [FXGL Background Thread 1 ] DEBUG AssetLoader          - Loading from cache: /assets/textures/tiles_spritesheet.png
14:05:38.490 [FXGL Background Thread 1 ] DEBUG AssetLoader          - Loading from cache: /assets/textures/tiles_spritesheet.png
14:05:38.491 [FXGL Background Thread 1 ] DEBUG AssetLoader          - Loading from cache: /assets/textures/tiles_spritesheet.png
14:05:38.491 [FXGL Background Thread 1 ] DEBUG AssetLoader          - Loading from cache: /assets/textures/tiles_spritesheet.png
14:05:38.491 [FXGL Background Thread 1 ] DEBUG AssetLoader          - Loading from cache: /assets/textures/tiles_spritesheet.png
14:05:38.491 [FXGL Background Thread 1 ] DEBUG AssetLoader          - Loading from cache: /assets/textures/tiles_spritesheet.png
14:05:38.492 [FXGL Background Thread 1 ] DEBUG AssetLoader          - Loading from cache: /assets/textures/tiles_spritesheet.png
14:05:38.492 [FXGL Background Thread 1 ] DEBUG AssetLoader          - Loading from cache: /assets/textures/tiles_spritesheet.png
14:05:38.492 [FXGL Background Thread 1 ] DEBUG AssetLoader          - Loading from cache: /assets/textures/tiles_spritesheet.png
14:05:38.492 [FXGL Background Thread 1 ] DEBUG AssetLoader          - Loading from cache: /assets/textures/tiles_spritesheet.png
14:05:38.492 [FXGL Background Thread 1 ] DEBUG AssetLoader          - Loading from cache: /assets/textures/tiles_spritesheet.png
14:05:38.492 [FXGL Background Thread 1 ] DEBUG AssetLoader          - Loading from cache: /assets/textures/tiles_spritesheet.png
14:05:38.493 [FXGL Background Thread 1 ] DEBUG AssetLoader          - Loading from cache: /assets/textures/tiles_spritesheet.png
14:05:38.493 [FXGL Background Thread 1 ] DEBUG AssetLoader          - Loading from cache: /assets/textures/tiles_spritesheet.png
14:05:38.493 [FXGL Background Thread 1 ] DEBUG AssetLoader          - Loading from cache: /assets/textures/tiles_spritesheet.png
14:05:38.493 [FXGL Background Thread 1 ] DEBUG AssetLoader          - Loading from cache: /assets/textures/tiles_spritesheet.png
14:05:38.493 [FXGL Background Thread 1 ] DEBUG AssetLoader          - Loading from cache: /assets/textures/tiles_spritesheet.png
14:05:38.494 [FXGL Background Thread 1 ] DEBUG AssetLoader          - Loading from cache: /assets/textures/tiles_spritesheet.png
14:05:38.494 [FXGL Background Thread 1 ] DEBUG AssetLoader          - Loading from cache: /assets/textures/tiles_spritesheet.png
14:05:38.494 [FXGL Background Thread 1 ] DEBUG AssetLoader          - Loading from cache: /assets/textures/tiles_spritesheet.png
14:05:38.496 [FXGL Background Thread 1 ] DEBUG FXGL.GameScene       - Creating render group for layer: BACKGROUND(1000)
14:05:38.554 [FXGL Background Thread 1 ] DEBUG FXGL.GameScene       - Creating render group for layer: TOP(2147483647)
14:05:38.565 [FXGL Background Thread 1 ] DEBUG InitAppTask          - Initializing Physics
14:05:38.565 [FXGL Background Thread 1 ] DEBUG InitAppTask          - Initializing UI
14:05:38.566 [FXGL Background Thread 1 ] DEBUG InitAppTask          - Initialization Complete
14:05:38.566 [FXGL Background Thread 1 ] INFO  InitAppTask          - Game initialization took: 0,673 sec
14:05:38.570 [JavaFX Application Thread] DEBUG Input                - Clearing active input actions
14:05:38.570 [JavaFX Application Thread] DEBUG AppStateMachine      - LoadingState -> PlayState
14:05:40.168 [JavaFX Application Thread] DEBUG GameApplication      - Exiting game application
14:05:40.171 [JavaFX Application Thread] DEBUG GameApplication      - Shutting down background threads
14:05:40.172 [JavaFX Application Thread] DEBUG GameApplication      - Exiting FXGL
14:05:40.172 [JavaFX Application Thread] DEBUG FXGL                 - Saving FXGL system data
14:05:40.176 [JavaFX Application Thread] DEBUG IOTask               - Executing task: writeDataTask(system/fxgl.bundle)
14:05:40.185 [JavaFX Application Thread] DEBUG FS                   - Writing to: system\fxgl.bundle
14:05:40.206 [JavaFX Application Thread] DEBUG IOTask               - Task succeeded: writeDataTask(system/fxgl.bundle)
14:05:40.206 [JavaFX Application Thread] DEBUG GameApplication      - Closing logger and exiting JavaFX
