14:46:13.832 [JavaFX Application Thread] DEBUG GameApplication      - Logger initialized
14:46:13.861 [JavaFX Application Thread] DEBUG MainWindow           - Creating a JavaFX scene
14:46:13.861 [JavaFX Application Thread] DEBUG MainWindow           - Target size > screen size
14:46:14.078 [JavaFX Application Thread] DEBUG MainWindow           - Target settings size: 1050.0 x 700.0
14:46:14.078 [JavaFX Application Thread] DEBUG MainWindow           - Scaled scene size:    995.0 x 680.0
14:46:14.079 [JavaFX Application Thread] DEBUG MainWindow           - Scaled ratio: (0.9476190476190476, 0.9714285714285714)
14:46:14.299 [JavaFX Application Thread] DEBUG GameApplication      - Starting FXGL
14:46:14.299 [JavaFX Application Thread] INFO  Version              - FXGL-0.4.1
14:46:14.300 [JavaFX Application Thread] INFO  Version              - Source code and latest versions at: https://github.com/AlmasB/FXGL
14:46:14.300 [JavaFX Application Thread] INFO  Version              -              Join the FXGL chat at: https://gitter.im/AlmasB/FXGL
14:46:14.393 [FXGL Launcher Thread     ] DEBUG FXGL                 - Loading FXGL system data
14:46:14.400 [FXGL Launcher Thread     ] DEBUG IOTask               - Executing task: readDataTask(system/fxgl.bundle)
14:46:14.409 [FXGL Launcher Thread     ] DEBUG FS                   - Reading from: system\fxgl.bundle
14:46:14.423 [FXGL Launcher Thread     ] DEBUG IOTask               - Task succeeded: readDataTask(system/fxgl.bundle)
14:46:14.424 [FXGL Launcher Thread     ] DEBUG Bundle               - Logging bundle: FXGL
14:46:14.425 [FXGL Launcher Thread     ] DEBUG Bundle               - FXGL.offline.timer.version.check=2018-01-30T13:31:16.275269400
14:46:14.425 [FXGL Launcher Thread     ] DEBUG GameApplication      - FXGL configuration complete
14:46:14.427 [FXGL Launcher Thread     ] INFO  GameApplication      - FXGL configuration took:  0,086 sec
14:46:14.427 [FXGL Launcher Thread     ] DEBUG GameApplication      - Logging game settings
Title: Untitled
Version: 0.0
Width: 1050
Height: 700
Fullscreen: false
Intro: false
Menus: false
Profiling: false
Single step:false
App Mode: DEVELOPER
Menu Key: ESCAPE
Stage Style: DECORATED
Scene Factory: class com.almasb.fxgl.scene.SceneFactory
Dialog Factory: class com.almasb.fxgl.ui.FXGLDialogFactory
UI Factory: class com.almasb.fxgl.ui.FXGLUIFactory
Notification Service: class com.almasb.fxgl.gameplay.notification.XboxNotificationView
Exception Handler: class com.almasb.fxgl.app.FXGLExceptionHandler
14:46:14.439 [FXGL Launcher Thread     ] DEBUG GameApplication      - Configuring GameApplication
14:46:14.446 [FXGL Launcher Thread     ] DEBUG AppStateMachine      - Initializing application states
14:46:14.465 [FXGL Launcher Thread     ] DEBUG AssetLoader          - Loading from disk: /assets/ui/cursors/fxgl_default.png
14:46:14.489 [FXGL Launcher Thread     ] DEBUG AssetLoader          - Loading from disk: /assets/ui/cursors/fxgl_default.png
14:46:14.503 [FXGL Launcher Thread     ] DEBUG AssetLoader          - Loading from disk: /assets/sounds/core/notification.wav
14:46:14.553 [FXGL Launcher Thread     ] DEBUG AssetLoader          - Loading from disk: /assets/sounds/menu/select.wav
14:46:14.556 [FXGL Launcher Thread     ] DEBUG AssetLoader          - Loading from disk: /assets/sounds/menu/back.wav
14:46:14.559 [FXGL Launcher Thread     ] DEBUG AssetLoader          - Loading from disk: /assets/sounds/menu/press.wav
14:46:14.562 [FXGL Launcher Thread     ] DEBUG AssetLoader          - Loading from disk: /assets/ui/fonts/VarelaRound-Regular.ttf
14:46:14.838 [FXGL Launcher Thread     ] DEBUG AssetLoader          - Loading from disk: /assets/ui/fonts/lucida_console.ttf
14:46:14.861 [FXGL Launcher Thread     ] DEBUG AssetLoader          - Loading from disk: /assets/ui/css/fxgl_dark.css
14:46:14.862 [FXGL Launcher Thread     ] DEBUG AssetLoader          - Loading from disk: /assets/ui/icons/fxgl_icon.png
14:46:14.894 [FXGL Launcher Thread     ] DEBUG AssetLoader          - Loading from disk: /assets/ui/cursors/fxgl_default.png
14:46:14.922 [FXGL Launcher Thread     ] DEBUG FXGL.GameScene       - Game scene initialized: 1050x700
14:46:14.926 [FXGL Launcher Thread     ] DEBUG FXGL.GameWorld       - Game world initialized
14:46:15.037 [FXGL Launcher Thread     ] DEBUG FXGL.PhysicsWorld    - Physics world initialized: appHeight=700, physics.ppm=50,0
14:46:15.062 [FXGL Launcher Thread     ] DEBUG Input                - Registered new binding: Pause - Esc
14:46:15.094 [FXGL Launcher Thread     ] INFO  GameApplication      - Game configuration took:  0,655 sec
14:46:15.097 [JavaFX Application Thread] DEBUG MainWindow           - Opening main window
14:46:15.128 [JavaFX Application Thread] DEBUG MainWindow           - Window border size: (15.0, 37.33331298828125)
14:46:15.128 [JavaFX Application Thread] DEBUG MainWindow           - Scaled size: 995.0 x 680.0
14:46:15.128 [JavaFX Application Thread] DEBUG MainWindow           - Scaled ratio: (0.9476190476190476, 0.9714285714285714)
14:46:15.128 [JavaFX Application Thread] DEBUG MainWindow           - Scene size: 995.0 x 680.0
14:46:15.128 [JavaFX Application Thread] DEBUG MainWindow           - Stage size: 1010.0 x 717.3333129882812
14:46:15.129 [JavaFX Application Thread] DEBUG GameApplication      - Running preInit()
14:46:15.131 [JavaFX Application Thread] DEBUG AnnotationParser     - Main app package name: com.thom9521.mario
14:46:15.429 [JavaFX Application Thread] DEBUG AnnotationParser     - @SetAchievementStore: []
14:46:15.431 [JavaFX Application Thread] DEBUG Input                - Registered new binding: Screenshot - P
14:46:15.432 [JavaFX Application Thread] DEBUG Input                - Registered new binding: Dev Options - CTRL+0
14:46:15.433 [JavaFX Application Thread] DEBUG Input                - Registered new binding: Left - A
14:46:15.434 [JavaFX Application Thread] DEBUG Input                - Registered new binding: Right - D
14:46:15.434 [JavaFX Application Thread] DEBUG Input                - Registered new binding: Jump - W
14:46:15.487 [JavaFX Application Thread] DEBUG GameApplication      - Starting main loop
14:46:15.491 [JavaFX Application Thread] DEBUG StartupState         - STARTUP
14:46:15.492 [JavaFX Application Thread] DEBUG GameApplication      - Starting new game
14:46:15.492 [JavaFX Application Thread] DEBUG Input                - Clearing active input actions
14:46:15.492 [JavaFX Application Thread] DEBUG AppStateMachine      - StartupState -> LoadingState
14:46:15.531 [JavaFX Application Thread] DEBUG AnnotationParser     - Main app package name: com.thom9521.mario
14:46:15.531 [JavaFX Application Thread] DEBUG InitAppTask          - Parsing annotations
14:46:15.554 [JavaFX Application Thread] DEBUG AnnotationParser     - @SetEventHandler: []
14:46:15.554 [JavaFX Application Thread] DEBUG AnnotationParser     - @SetEntityFactory: [MarioFactory]
14:46:15.554 [JavaFX Application Thread] DEBUG AnnotationParser     - @AddCollisionHandler: []
14:46:15.590 [FXGL Background Thread 1 ] DEBUG InitAppTask          - Clearing previous game
14:46:15.590 [FXGL Background Thread 1 ] DEBUG FXGL.GameWorld       - Clearing game world
14:46:15.594 [FXGL Background Thread 1 ] DEBUG FXGL.PhysicsWorld    - Clearing physics world
14:46:15.594 [FXGL Background Thread 1 ] DEBUG FXGL.GameScene       - Clearing game scene
14:46:15.595 [FXGL Background Thread 1 ] DEBUG InitAppTask          - Initializing Assets
14:46:15.600 [FXGL Background Thread 1 ] DEBUG InitAppTask          - Initializing Game
14:46:15.633 [FXGL Background Thread 1 ] DEBUG AssetLoader          - Loading from disk: /assets/json/mario.json
14:46:16.020 [FXGL Background Thread 1 ] DEBUG FXGL.GameWorld       - Clearing removable entities
14:46:16.020 [FXGL Background Thread 1 ] DEBUG FXGL.GameWorld       - Setting level from map
14:46:16.066 [FXGL Background Thread 1 ] DEBUG AssetLoader          - Loading from disk: /assets/textures/tiles_spritesheet.png
14:46:16.100 [FXGL Background Thread 1 ] DEBUG AssetLoader          - Loading from cache: /assets/textures/tiles_spritesheet.png
14:46:16.101 [FXGL Background Thread 1 ] DEBUG AssetLoader          - Loading from cache: /assets/textures/tiles_spritesheet.png
14:46:16.101 [FXGL Background Thread 1 ] DEBUG AssetLoader          - Loading from cache: /assets/textures/tiles_spritesheet.png
14:46:16.102 [FXGL Background Thread 1 ] DEBUG AssetLoader          - Loading from cache: /assets/textures/tiles_spritesheet.png
14:46:16.102 [FXGL Background Thread 1 ] DEBUG AssetLoader          - Loading from cache: /assets/textures/tiles_spritesheet.png
14:46:16.102 [FXGL Background Thread 1 ] DEBUG AssetLoader          - Loading from cache: /assets/textures/tiles_spritesheet.png
14:46:16.103 [FXGL Background Thread 1 ] DEBUG AssetLoader          - Loading from cache: /assets/textures/tiles_spritesheet.png
14:46:16.103 [FXGL Background Thread 1 ] DEBUG AssetLoader          - Loading from cache: /assets/textures/tiles_spritesheet.png
14:46:16.103 [FXGL Background Thread 1 ] DEBUG AssetLoader          - Loading from cache: /assets/textures/tiles_spritesheet.png
14:46:16.103 [FXGL Background Thread 1 ] DEBUG AssetLoader          - Loading from cache: /assets/textures/tiles_spritesheet.png
14:46:16.104 [FXGL Background Thread 1 ] DEBUG AssetLoader          - Loading from cache: /assets/textures/tiles_spritesheet.png
14:46:16.104 [FXGL Background Thread 1 ] DEBUG AssetLoader          - Loading from cache: /assets/textures/tiles_spritesheet.png
14:46:16.104 [FXGL Background Thread 1 ] DEBUG AssetLoader          - Loading from cache: /assets/textures/tiles_spritesheet.png
14:46:16.104 [FXGL Background Thread 1 ] DEBUG AssetLoader          - Loading from cache: /assets/textures/tiles_spritesheet.png
14:46:16.105 [FXGL Background Thread 1 ] DEBUG AssetLoader          - Loading from cache: /assets/textures/tiles_spritesheet.png
14:46:16.105 [FXGL Background Thread 1 ] DEBUG AssetLoader          - Loading from cache: /assets/textures/tiles_spritesheet.png
14:46:16.106 [FXGL Background Thread 1 ] DEBUG AssetLoader          - Loading from cache: /assets/textures/tiles_spritesheet.png
14:46:16.106 [FXGL Background Thread 1 ] DEBUG AssetLoader          - Loading from cache: /assets/textures/tiles_spritesheet.png
14:46:16.106 [FXGL Background Thread 1 ] DEBUG AssetLoader          - Loading from cache: /assets/textures/tiles_spritesheet.png
14:46:16.107 [FXGL Background Thread 1 ] DEBUG AssetLoader          - Loading from cache: /assets/textures/tiles_spritesheet.png
14:46:16.107 [FXGL Background Thread 1 ] DEBUG AssetLoader          - Loading from cache: /assets/textures/tiles_spritesheet.png
14:46:16.107 [FXGL Background Thread 1 ] DEBUG AssetLoader          - Loading from cache: /assets/textures/tiles_spritesheet.png
14:46:16.108 [FXGL Background Thread 1 ] DEBUG AssetLoader          - Loading from cache: /assets/textures/tiles_spritesheet.png
14:46:16.108 [FXGL Background Thread 1 ] DEBUG AssetLoader          - Loading from cache: /assets/textures/tiles_spritesheet.png
14:46:16.108 [FXGL Background Thread 1 ] DEBUG AssetLoader          - Loading from cache: /assets/textures/tiles_spritesheet.png
14:46:16.108 [FXGL Background Thread 1 ] DEBUG AssetLoader          - Loading from cache: /assets/textures/tiles_spritesheet.png
14:46:16.109 [FXGL Background Thread 1 ] DEBUG AssetLoader          - Loading from cache: /assets/textures/tiles_spritesheet.png
14:46:16.109 [FXGL Background Thread 1 ] DEBUG AssetLoader          - Loading from cache: /assets/textures/tiles_spritesheet.png
14:46:16.111 [FXGL Background Thread 1 ] DEBUG FXGL.GameScene       - Creating render group for layer: BACKGROUND(1000)
14:46:16.186 [FXGL Background Thread 1 ] DEBUG FXGL.GameScene       - Creating render group for layer: TOP(2147483647)
14:46:16.202 [FXGL Background Thread 1 ] DEBUG InitAppTask          - Initializing Physics
14:46:16.203 [FXGL Background Thread 1 ] DEBUG InitAppTask          - Initializing UI
14:46:16.203 [FXGL Background Thread 1 ] DEBUG InitAppTask          - Initialization Complete
14:46:16.204 [FXGL Background Thread 1 ] INFO  InitAppTask          - Game initialization took: 0,614 sec
14:46:16.217 [JavaFX Application Thread] DEBUG Input                - Clearing active input actions
14:46:16.218 [JavaFX Application Thread] DEBUG AppStateMachine      - LoadingState -> PlayState
14:46:22.905 [JavaFX Application Thread] DEBUG AssetLoader          - Loading from disk: /assets/properties/languages/english.properties
14:46:22.909 [JavaFX Application Thread] DEBUG AppStateMachine      - Push state: DialogSubState
14:46:22.909 [JavaFX Application Thread] DEBUG Input                - Clearing active input actions
14:46:22.909 [JavaFX Application Thread] DEBUG AppStateMachine      - PlayState -> DialogSubState
14:46:25.559 [JavaFX Application Thread] DEBUG AppStateMachine      - Pop state: DialogSubState
14:46:25.559 [JavaFX Application Thread] DEBUG Input                - Clearing active input actions
14:46:25.559 [JavaFX Application Thread] DEBUG AppStateMachine      - PlayState <- DialogSubState
14:46:28.999 [JavaFX Application Thread] DEBUG GameApplication      - Exiting game application
14:46:29.002 [JavaFX Application Thread] DEBUG GameApplication      - Shutting down background threads
14:46:29.002 [JavaFX Application Thread] DEBUG GameApplication      - Exiting FXGL
14:46:29.003 [JavaFX Application Thread] DEBUG FXGL                 - Saving FXGL system data
14:46:29.006 [JavaFX Application Thread] DEBUG IOTask               - Executing task: writeDataTask(system/fxgl.bundle)
14:46:29.013 [JavaFX Application Thread] DEBUG FS                   - Writing to: system\fxgl.bundle
14:46:29.028 [JavaFX Application Thread] DEBUG IOTask               - Task succeeded: writeDataTask(system/fxgl.bundle)
14:46:29.028 [JavaFX Application Thread] DEBUG GameApplication      - Closing logger and exiting JavaFX
